<?xml version="1.0" encoding="UTF-8"?>
<!-- Generated by org.testng.reporters.JUnitReportReporter -->
<testsuite hostname="EN1210542" failures="0" tests="4" name="Tests.day3" time="0.007" errors="1" timestamp="2024-10-24T18:21:13 EEST" skipped="1">
  <testcase classname="Tests.day3" name="login" time="0.000">
    <error message="
Parameter &#039;APIKey/username&#039; is required by @Test on method login but has not been marked @Optional or defined
in C:\Users\mfron\eclipse-workspace\TestNG\testng.xml" type="org.testng.TestNGException">
      <![CDATA[org.testng.TestNGException: 
Parameter 'APIKey/username' is required by @Test on method login but has not been marked @Optional or defined
in C:\Users\mfron\eclipse-workspace\TestNG\testng.xml
at org.testng.internal.Parameters.createParams(Parameters.java:270)
at org.testng.internal.Parameters.createParametersForMethod(Parameters.java:358)
at org.testng.internal.Parameters.createParameters(Parameters.java:700)
at org.testng.internal.Parameters.handleParameters(Parameters.java:884)
at org.testng.internal.Parameters.handleParameters(Parameters.java:740)
at org.testng.internal.ParameterHandler.handleParameters(ParameterHandler.java:59)
at org.testng.internal.ParameterHandler.createParameters(ParameterHandler.java:38)
at org.testng.internal.TestInvoker$MethodInvocationAgent.invoke(TestInvoker.java:791)
at org.testng.internal.TestInvoker.invokeTestMethods(TestInvoker.java:146)
at org.testng.internal.TestMethodWorker.invokeTestMethods(TestMethodWorker.java:146)
at org.testng.internal.TestMethodWorker.run(TestMethodWorker.java:128)
at java.base/java.util.ArrayList.forEach(ArrayList.java:1596)
at org.testng.TestRunner.privateRun(TestRunner.java:794)
at org.testng.TestRunner.run(TestRunner.java:596)
at org.testng.SuiteRunner.runTest(SuiteRunner.java:377)
at org.testng.SuiteRunner.access$000(SuiteRunner.java:28)
at org.testng.SuiteRunner$SuiteWorker.run(SuiteRunner.java:418)
at org.testng.internal.thread.ThreadUtil.lambda$execute$0(ThreadUtil.java:64)
at java.base/java.util.concurrent.FutureTask.run(FutureTask.java:317)
at java.base/java.util.concurrent.ThreadPoolExecutor.runWorker(ThreadPoolExecutor.java:1144)
at java.base/java.util.concurrent.ThreadPoolExecutor$Worker.run(ThreadPoolExecutor.java:642)
at java.base/java.lang.Thread.run(Thread.java:1583)
]]>
    </error>
  </testcase> <!-- login -->
  <system-out/>
  <testcase classname="Tests.day3" name="LoginApiCarLoan" time="0.006"/>
  <system-out/>
  <testcase classname="Tests.day3" name="WebLoginCarLoan" time="0.001"/>
  <system-out/>
  <testcase classname="Tests.day3" name="MobileLoginCarSignoutLoan">
    <skipped/>
  </testcase> <!-- MobileLoginCarSignoutLoan -->
  <system-out/>
</testsuite> <!-- Tests.day3 -->
